<?xml version="1.0" encoding="UTF-8"?>
<robot generator="Robot 4.1.3 (Python 3.10.0 on win32)" generated="20220323 12:07:52.696" rpa="false" schemaversion="2">
<suite id="s1" name="Tests" source="C:\Users\emmer\Desktop\docs\thomasMore\vakkenKwartaal7\testing\projects\robot_tests-main\Exercise2\tests">
<suite id="s1-s1" name="01 openPageInBrowser" source="C:\Users\emmer\Desktop\docs\thomasMore\vakkenKwartaal7\testing\projects\robot_tests-main\Exercise2\tests\01_openPageInBrowser.robot">
<test id="s1-s1-t1" name="The First Selenium Test">
<kw name="Open Browser" library="SeleniumLibrary">
<arg>http://www.brightest.be</arg>
<arg>Google Chrome</arg>
<doc>Opens a new browser instance to the optional ``url``.</doc>
<msg timestamp="20220323 12:07:52.949" level="INFO">Opening browser 'Google Chrome' to base url 'http://www.brightest.be'.</msg>
<status status="PASS" starttime="20220323 12:07:52.949" endtime="20220323 12:08:31.488"/>
</kw>
<kw name="Sleep" library="BuiltIn">
<arg>5s</arg>
<doc>Pauses the test executed for the given time.</doc>
<msg timestamp="20220323 12:08:36.498" level="INFO">Slept 5 seconds</msg>
<status status="PASS" starttime="20220323 12:08:31.488" endtime="20220323 12:08:36.498"/>
</kw>
<kw name="Close Browser" library="SeleniumLibrary">
<doc>Closes the current browser.</doc>
<status status="PASS" starttime="20220323 12:08:36.498" endtime="20220323 12:08:38.545"/>
</kw>
<status status="PASS" starttime="20220323 12:07:52.943" endtime="20220323 12:08:38.545"/>
</test>
<test id="s1-s1-t2" name="The Selenium Test With Keywords">
<kw name="Open My Website" library="basePage">
<kw name="Open Browser" library="SeleniumLibrary">
<arg>${url}</arg>
<arg>${browser}</arg>
<doc>Opens a new browser instance to the optional ``url``.</doc>
<msg timestamp="20220323 12:08:38.545" level="INFO">Opening browser 'Google Chrome' to base url 'https://tweakers.net'.</msg>
<status status="PASS" starttime="20220323 12:08:38.545" endtime="20220323 12:08:40.021"/>
</kw>
<status status="PASS" starttime="20220323 12:08:38.545" endtime="20220323 12:08:40.021"/>
</kw>
<kw name="Sleep" library="BuiltIn">
<arg>5s</arg>
<doc>Pauses the test executed for the given time.</doc>
<msg timestamp="20220323 12:08:45.026" level="INFO">Slept 5 seconds</msg>
<status status="PASS" starttime="20220323 12:08:40.022" endtime="20220323 12:08:45.026"/>
</kw>
<kw name="Close Browser" library="SeleniumLibrary">
<doc>Closes the current browser.</doc>
<status status="PASS" starttime="20220323 12:08:45.026" endtime="20220323 12:08:47.078"/>
</kw>
<status status="PASS" starttime="20220323 12:08:38.545" endtime="20220323 12:08:47.078"/>
</test>
<status status="PASS" starttime="20220323 12:07:52.727" endtime="20220323 12:08:47.078"/>
</suite>
<suite id="s1-s2" name="02 useSuiteSetupAndTeardown" source="C:\Users\emmer\Desktop\docs\thomasMore\vakkenKwartaal7\testing\projects\robot_tests-main\Exercise2\tests\02_useSuiteSetupAndTeardown.robot">
<kw name="Open My Website" library="basePage" type="SETUP">
<kw name="Open Browser" library="SeleniumLibrary">
<arg>${url}</arg>
<arg>${browser}</arg>
<doc>Opens a new browser instance to the optional ``url``.</doc>
<msg timestamp="20220323 12:08:47.078" level="INFO">Opening browser 'Google Chrome' to base url 'https://tweakers.net'.</msg>
<status status="PASS" starttime="20220323 12:08:47.078" endtime="20220323 12:08:48.544"/>
</kw>
<status status="PASS" starttime="20220323 12:08:47.078" endtime="20220323 12:08:48.544"/>
</kw>
<test id="s1-s2-t1" name="The Third Selenium Test">
<kw name="Sleep" library="BuiltIn">
<arg>5s</arg>
<doc>Pauses the test executed for the given time.</doc>
<msg timestamp="20220323 12:08:53.560" level="INFO">Slept 5 seconds</msg>
<status status="PASS" starttime="20220323 12:08:48.545" endtime="20220323 12:08:53.560"/>
</kw>
<status status="PASS" starttime="20220323 12:08:48.544" endtime="20220323 12:08:53.560"/>
</test>
<kw name="Close Browser" library="SeleniumLibrary" type="TEARDOWN">
<doc>Closes the current browser.</doc>
<status status="PASS" starttime="20220323 12:08:53.560" endtime="20220323 12:08:55.625"/>
</kw>
<status status="PASS" starttime="20220323 12:08:47.078" endtime="20220323 12:08:55.625"/>
</suite>
<suite id="s1-s3" name="03 locateAndInteract" source="C:\Users\emmer\Desktop\docs\thomasMore\vakkenKwartaal7\testing\projects\robot_tests-main\Exercise2\tests\03_locateAndInteract.robot">
<kw name="Open My Website" library="basePage" type="SETUP">
<kw name="Open Browser" library="SeleniumLibrary">
<arg>${url}</arg>
<arg>${browser}</arg>
<doc>Opens a new browser instance to the optional ``url``.</doc>
<msg timestamp="20220323 12:08:55.631" level="INFO">Opening browser 'Google Chrome' to base url 'https://tweakers.net'.</msg>
<status status="PASS" starttime="20220323 12:08:55.631" endtime="20220323 12:08:57.690"/>
</kw>
<status status="PASS" starttime="20220323 12:08:55.631" endtime="20220323 12:08:57.690"/>
</kw>
<test id="s1-s3-t1" name="Selenium Test Locate And Interact">
<kw name="Click Element" library="SeleniumLibrary">
<arg>css:[title="Ja, ik accepteer cookies"]</arg>
<doc>Click the element identified by ``locator``.</doc>
<msg timestamp="20220323 12:08:57.691" level="INFO">Clicking element 'css:[title="Ja, ik accepteer cookies"]'.</msg>
<status status="PASS" starttime="20220323 12:08:57.691" endtime="20220323 12:09:32.049"/>
</kw>
<kw name="Sleep" library="BuiltIn">
<arg>5s</arg>
<doc>Pauses the test executed for the given time.</doc>
<msg timestamp="20220323 12:09:37.064" level="INFO">Slept 5 seconds</msg>
<status status="PASS" starttime="20220323 12:09:32.049" endtime="20220323 12:09:37.064"/>
</kw>
<status status="PASS" starttime="20220323 12:08:57.690" endtime="20220323 12:09:37.065"/>
</test>
<test id="s1-s3-t2" name="Selenium Test Locate And Interact True">
<kw name="Click Element" library="SeleniumLibrary">
<arg>css:#true</arg>
<doc>Click the element identified by ``locator``.</doc>
<msg timestamp="20220323 12:09:37.066" level="INFO">Clicking element 'css:#true'.</msg>
<status status="PASS" starttime="20220323 12:09:37.065" endtime="20220323 12:09:37.113"/>
</kw>
<kw name="Sleep" library="BuiltIn">
<arg>5s</arg>
<doc>Pauses the test executed for the given time.</doc>
<msg timestamp="20220323 12:09:42.127" level="INFO">Slept 5 seconds</msg>
<status status="PASS" starttime="20220323 12:09:37.114" endtime="20220323 12:09:42.127"/>
</kw>
<status status="PASS" starttime="20220323 12:09:37.065" endtime="20220323 12:09:42.128"/>
</test>
<kw name="Close Browser" library="SeleniumLibrary" type="TEARDOWN">
<doc>Closes the current browser.</doc>
<status status="PASS" starttime="20220323 12:09:42.129" endtime="20220323 12:09:44.186"/>
</kw>
<status status="PASS" starttime="20220323 12:08:55.625" endtime="20220323 12:09:44.186"/>
</suite>
<suite id="s1-s4" name="04 locateAndInteractAndVerify" source="C:\Users\emmer\Desktop\docs\thomasMore\vakkenKwartaal7\testing\projects\robot_tests-main\Exercise2\tests\04_locateAndInteractAndVerify.robot">
<kw name="Open My Website" library="basePage" type="SETUP">
<kw name="Open Browser" library="SeleniumLibrary">
<arg>${url}</arg>
<arg>${browser}</arg>
<doc>Opens a new browser instance to the optional ``url``.</doc>
<msg timestamp="20220323 12:09:44.186" level="INFO">Opening browser 'Google Chrome' to base url 'https://tweakers.net'.</msg>
<status status="PASS" starttime="20220323 12:09:44.186" endtime="20220323 12:09:47.222"/>
</kw>
<status status="PASS" starttime="20220323 12:09:44.186" endtime="20220323 12:09:47.222"/>
</kw>
<test id="s1-s4-t1" name="Selenium Test Locate And Interact And Verify">
<kw name="Click Element" library="SeleniumLibrary">
<arg>css:[title="Ja, ik accepteer cookies"]</arg>
<doc>Click the element identified by ``locator``.</doc>
<msg timestamp="20220323 12:09:47.223" level="INFO">Clicking element 'css:[title="Ja, ik accepteer cookies"]'.</msg>
<status status="PASS" starttime="20220323 12:09:47.223" endtime="20220323 12:10:31.520"/>
</kw>
<kw name="Get Text" library="SeleniumLibrary">
<var>${text}</var>
<arg>xpath://a[@class='smartphones']</arg>
<doc>Returns the text value of the element identified by ``locator``.</doc>
<msg timestamp="20220323 12:10:31.537" level="INFO">${text} = Beste smartphones »</msg>
<status status="PASS" starttime="20220323 12:10:31.520" endtime="20220323 12:10:31.537"/>
</kw>
<kw name="Should Contain" library="BuiltIn">
<arg>${text}</arg>
<arg>Beste</arg>
<doc>Fails if ``container`` does not contain ``item`` one or more times.</doc>
<status status="PASS" starttime="20220323 12:10:31.537" endtime="20220323 12:10:31.538"/>
</kw>
<status status="PASS" starttime="20220323 12:09:47.222" endtime="20220323 12:10:31.538"/>
</test>
<kw name="Close Browser" library="SeleniumLibrary" type="TEARDOWN">
<doc>Closes the current browser.</doc>
<status status="PASS" starttime="20220323 12:10:31.538" endtime="20220323 12:10:33.608"/>
</kw>
<status status="PASS" starttime="20220323 12:09:44.186" endtime="20220323 12:10:33.608"/>
</suite>
<status status="PASS" starttime="20220323 12:07:52.711" endtime="20220323 12:10:33.608"/>
</suite>
<statistics>
<total>
<stat pass="6" fail="0" skip="0">All Tests</stat>
</total>
<tag>
</tag>
<suite>
<stat pass="6" fail="0" skip="0" id="s1" name="Tests">Tests</stat>
<stat pass="2" fail="0" skip="0" id="s1-s1" name="01 openPageInBrowser">Tests.01 openPageInBrowser</stat>
<stat pass="1" fail="0" skip="0" id="s1-s2" name="02 useSuiteSetupAndTeardown">Tests.02 useSuiteSetupAndTeardown</stat>
<stat pass="2" fail="0" skip="0" id="s1-s3" name="03 locateAndInteract">Tests.03 locateAndInteract</stat>
<stat pass="1" fail="0" skip="0" id="s1-s4" name="04 locateAndInteractAndVerify">Tests.04 locateAndInteractAndVerify</stat>
</suite>
</statistics>
<errors>
</errors>
</robot>
